<?xml version="1.0" encoding="UTF-8"?>
<!-- Generated by org.testng.reporters.JUnitXMLReporter -->
<testsuite ignored="0" hostname="DESKTOP-QP399I7" failures="1" tests="9" name="Test" time="140.018" errors="0" timestamp="2019-11-28T15:46:32 IST">
  <testcase classname="tests2.TestAddProducts2" name="testAddNewProductWindowAppearTC71" time="29.404"/>
  <testcase classname="tests2.TestAddProducts2" name="testEditProductWindowAppearTC72" time="3.427"/>
  <testcase classname="tests2.TestAddProducts2" name="testValidationAppearWithoutEnteringDetailsTC73" time="3.228"/>
  <testcase classname="tests2.TestAddProducts2" name="testValidationAppearOnEnteringPartialDetailsAndHitSubmitbuttonTC74" time="4.343"/>
  <testcase classname="tests2.TestAddProducts2" name="testNewProductIsAddedTC75" time="14.644"/>
  <testcase classname="tests2.TestAddProducts2" name="testDataIsSavedInAllTheFieldsOfAddedProductTC76" time="24.594"/>
  <testcase classname="tests2.TestAddProducts2" name="testProductIsEditedTC77" time="6.545">
    <failure type="java.lang.AssertionError" message="did not expect to find [true] but found [false]">
      <![CDATA[java.lang.AssertionError: did not expect to find [true] but found [false]
at tests2.TestAddProducts2.testProductIsEditedTC77(TestAddProducts2.java:308)
at java.base/java.util.ArrayList.forEach(ArrayList.java:1540)
... Removed 31 stack frames]]>
    </failure>
  </testcase> <!-- testProductIsEditedTC77 -->
  <testcase classname="tests2.TestAddProducts2" name="testAllTheDetailsAreFetchedOnOpeningNewAddedProductOnOrderScreenTC78" time="19.369"/>
  <testcase classname="tests2.TestAddProducts2" name="testAllTheDetailsAreFetchedOnOpeningNewAddedProductOnShipmentsScreenTC79" time="12.132"/>
</testsuite> <!-- Test -->
