<?xml version="1.0" encoding="UTF-8"?>
<!-- Generated by org.testng.reporters.JUnitXMLReporter -->
<testsuite ignored="0" hostname="cspc" failures="7" tests="9" name="Command line test" time="38.762" errors="0" timestamp="2019-09-03T15:08:28 IST">
  <testcase classname="Tests.TestLogin" name="verifyFocusIsOnEmailField" time="0.025"/>
  <testcase classname="Tests.TestLogin" name="testLoginWithoutDetails" time="0.938"/>
  <testcase classname="Tests.TestLogin" name="testLoginWithoutEmail" time="0.0">
    <failure type="org.testng.TestNGException" message="
Parameter &amp;apos;loginPasswordValue&amp;apos; is required by @Test on method testLoginWithoutEmail but has not been marked @Optional or defined
">
      <![CDATA[org.testng.TestNGException: 
Parameter 'loginPasswordValue' is required by @Test on method testLoginWithoutEmail but has not been marked @Optional or defined

at java.base/java.util.ArrayList.forEach(ArrayList.java:1540)
at Tests.testRunner.main(testRunner.java:11)
... Removed 23 stack frames]]>
    </failure>
  </testcase> <!-- testLoginWithoutEmail -->
  <testcase classname="Tests.TestLogin" name="testLoginWithoutPassword" time="0.0">
    <failure type="org.testng.TestNGException" message="
Parameter &amp;apos;loginEmailValue&amp;apos; is required by @Test on method testLoginWithoutPassword but has not been marked @Optional or defined
">
      <![CDATA[org.testng.TestNGException: 
Parameter 'loginEmailValue' is required by @Test on method testLoginWithoutPassword but has not been marked @Optional or defined

at java.base/java.util.ArrayList.forEach(ArrayList.java:1540)
at Tests.testRunner.main(testRunner.java:11)
... Removed 23 stack frames]]>
    </failure>
  </testcase> <!-- testLoginWithoutPassword -->
  <testcase classname="Tests.TestLogin" name="testLoginWithInvalidEmail" time="0.0">
    <failure type="org.testng.TestNGException" message="
Parameter &amp;apos;invalidLoginEmail&amp;apos; is required by @Test on method testLoginWithInvalidEmail but has not been marked @Optional or defined
">
      <![CDATA[org.testng.TestNGException: 
Parameter 'invalidLoginEmail' is required by @Test on method testLoginWithInvalidEmail but has not been marked @Optional or defined

at java.base/java.util.ArrayList.forEach(ArrayList.java:1540)
at Tests.testRunner.main(testRunner.java:11)
... Removed 23 stack frames]]>
    </failure>
  </testcase> <!-- testLoginWithInvalidEmail -->
  <testcase classname="Tests.TestLogin" name="testLoginWithInvalidPassword" time="0.0">
    <failure type="org.testng.TestNGException" message="
Parameter &amp;apos;loginEmailValue&amp;apos; is required by @Test on method testLoginWithInvalidPassword but has not been marked @Optional or defined
">
      <![CDATA[org.testng.TestNGException: 
Parameter 'loginEmailValue' is required by @Test on method testLoginWithInvalidPassword but has not been marked @Optional or defined

at java.base/java.util.ArrayList.forEach(ArrayList.java:1540)
at Tests.testRunner.main(testRunner.java:11)
... Removed 23 stack frames]]>
    </failure>
  </testcase> <!-- testLoginWithInvalidPassword -->
  <testcase classname="Tests.TestLogin" name="testLoginWithValidDetails" time="0.0">
    <failure type="org.testng.TestNGException" message="
Parameter &amp;apos;loginEmailValue&amp;apos; is required by @Test on method testLoginWithValidDetails but has not been marked @Optional or defined
">
      <![CDATA[org.testng.TestNGException: 
Parameter 'loginEmailValue' is required by @Test on method testLoginWithValidDetails but has not been marked @Optional or defined

at java.base/java.util.ArrayList.forEach(ArrayList.java:1540)
at Tests.testRunner.main(testRunner.java:11)
... Removed 23 stack frames]]>
    </failure>
  </testcase> <!-- testLoginWithValidDetails -->
  <testcase classname="Tests.TestLogin" name="testLogoutLinkDisplayed" time="0.0">
    <failure type="org.testng.TestNGException" message="
Parameter &amp;apos;loginEmailValue&amp;apos; is required by @Test on method testLogoutLinkDisplayed but has not been marked @Optional or defined
">
      <![CDATA[org.testng.TestNGException: 
Parameter 'loginEmailValue' is required by @Test on method testLogoutLinkDisplayed but has not been marked @Optional or defined

at java.base/java.util.ArrayList.forEach(ArrayList.java:1540)
at Tests.testRunner.main(testRunner.java:11)
... Removed 23 stack frames]]>
    </failure>
  </testcase> <!-- testLogoutLinkDisplayed -->
  <testcase classname="Tests.TestLogin" name="testLogoutLinkFunctional" time="0.0">
    <failure type="org.testng.TestNGException" message="
Parameter &amp;apos;loginEmailValue&amp;apos; is required by @Test on method testLogoutLinkFunctional but has not been marked @Optional or defined
">
      <![CDATA[org.testng.TestNGException: 
Parameter 'loginEmailValue' is required by @Test on method testLogoutLinkFunctional but has not been marked @Optional or defined

at java.base/java.util.ArrayList.forEach(ArrayList.java:1540)
at Tests.testRunner.main(testRunner.java:11)
... Removed 23 stack frames]]>
    </failure>
  </testcase> <!-- testLogoutLinkFunctional -->
</testsuite> <!-- Command line test -->
