<?xml version="1.0" encoding="UTF-8"?>
<testng-results ignored="0" total="9" passed="8" failed="1" skipped="0">
  <reporter-output>
  </reporter-output>
  <suite started-at="2019-11-28T15:44:12 IST" name="Suite" finished-at="2019-11-28T15:46:32 IST" duration-ms="140018">
    <groups>
    </groups>
    <test started-at="2019-11-28T15:44:12 IST" name="Test" finished-at="2019-11-28T15:46:32 IST" duration-ms="140018">
      <class name="tests2.TestAddProducts2">
        <test-method is-config="true" signature="setUp()[pri:0, instance:tests2.TestAddProducts2@69fb6037]" started-at="2019-11-28T15:44:12 IST" name="setUp" finished-at="2019-11-28T15:44:34 IST" duration-ms="21573" status="PASS">
          <reporter-output>
          </reporter-output>
        </test-method> <!-- setUp -->
        <test-method signature="testAddNewProductWindowAppearTC71()[pri:1, instance:tests2.TestAddProducts2@69fb6037]" started-at="2019-11-28T15:44:34 IST" name="testAddNewProductWindowAppearTC71" finished-at="2019-11-28T15:45:03 IST" duration-ms="29404" status="PASS">
          <reporter-output>
          </reporter-output>
        </test-method> <!-- testAddNewProductWindowAppearTC71 -->
        <test-method signature="testEditProductWindowAppearTC72()[pri:2, instance:tests2.TestAddProducts2@69fb6037]" started-at="2019-11-28T15:45:03 IST" name="testEditProductWindowAppearTC72" finished-at="2019-11-28T15:45:07 IST" duration-ms="3427" status="PASS">
          <reporter-output>
          </reporter-output>
        </test-method> <!-- testEditProductWindowAppearTC72 -->
        <test-method signature="testValidationAppearWithoutEnteringDetailsTC73()[pri:3, instance:tests2.TestAddProducts2@69fb6037]" started-at="2019-11-28T15:45:07 IST" name="testValidationAppearWithoutEnteringDetailsTC73" finished-at="2019-11-28T15:45:10 IST" duration-ms="3228" status="PASS">
          <reporter-output>
          </reporter-output>
        </test-method> <!-- testValidationAppearWithoutEnteringDetailsTC73 -->
        <test-method signature="testValidationAppearOnEnteringPartialDetailsAndHitSubmitbuttonTC74()[pri:4, instance:tests2.TestAddProducts2@69fb6037]" started-at="2019-11-28T15:45:10 IST" name="testValidationAppearOnEnteringPartialDetailsAndHitSubmitbuttonTC74" finished-at="2019-11-28T15:45:14 IST" duration-ms="4343" status="PASS">
          <reporter-output>
          </reporter-output>
        </test-method> <!-- testValidationAppearOnEnteringPartialDetailsAndHitSubmitbuttonTC74 -->
        <test-method signature="testNewProductIsAddedTC75()[pri:5, instance:tests2.TestAddProducts2@69fb6037]" started-at="2019-11-28T15:45:14 IST" name="testNewProductIsAddedTC75" finished-at="2019-11-28T15:45:29 IST" duration-ms="14644" status="PASS">
          <reporter-output>
          </reporter-output>
        </test-method> <!-- testNewProductIsAddedTC75 -->
        <test-method signature="testDataIsSavedInAllTheFieldsOfAddedProductTC76()[pri:6, instance:tests2.TestAddProducts2@69fb6037]" started-at="2019-11-28T15:45:29 IST" name="testDataIsSavedInAllTheFieldsOfAddedProductTC76" finished-at="2019-11-28T15:45:54 IST" duration-ms="24594" status="PASS">
          <reporter-output>
          </reporter-output>
        </test-method> <!-- testDataIsSavedInAllTheFieldsOfAddedProductTC76 -->
        <test-method signature="testProductIsEditedTC77()[pri:7, instance:tests2.TestAddProducts2@69fb6037]" started-at="2019-11-28T15:45:54 IST" name="testProductIsEditedTC77" finished-at="2019-11-28T15:46:00 IST" duration-ms="6545" status="FAIL">
          <exception class="java.lang.AssertionError">
            <message>
              <![CDATA[did not expect to find [true] but found [false]]]>
            </message>
            <full-stacktrace>
              <![CDATA[java.lang.AssertionError: did not expect to find [true] but found [false]
at org.testng.Assert.fail(Assert.java:97)
at org.testng.Assert.failNotEquals(Assert.java:969)
at org.testng.Assert.assertTrue(Assert.java:43)
at org.testng.Assert.assertTrue(Assert.java:53)
at tests2.TestAddProducts2.testProductIsEditedTC77(TestAddProducts2.java:308)
at java.base/jdk.internal.reflect.NativeMethodAccessorImpl.invoke0(Native Method)
at java.base/jdk.internal.reflect.NativeMethodAccessorImpl.invoke(NativeMethodAccessorImpl.java:62)
at java.base/jdk.internal.reflect.DelegatingMethodAccessorImpl.invoke(DelegatingMethodAccessorImpl.java:43)
at java.base/java.lang.reflect.Method.invoke(Method.java:566)
at org.testng.internal.MethodInvocationHelper.invokeMethod(MethodInvocationHelper.java:133)
at org.testng.internal.TestInvoker.invokeMethod(TestInvoker.java:584)
at org.testng.internal.TestInvoker.invokeTestMethod(TestInvoker.java:172)
at org.testng.internal.MethodRunner.runInSequence(MethodRunner.java:46)
at org.testng.internal.TestInvoker$MethodInvocationAgent.invoke(TestInvoker.java:804)
at org.testng.internal.TestInvoker.invokeTestMethods(TestInvoker.java:145)
at org.testng.internal.TestMethodWorker.invokeTestMethods(TestMethodWorker.java:146)
at org.testng.internal.TestMethodWorker.run(TestMethodWorker.java:128)
at java.base/java.util.ArrayList.forEach(ArrayList.java:1540)
at org.testng.TestRunner.privateRun(TestRunner.java:770)
at org.testng.TestRunner.run(TestRunner.java:591)
at org.testng.SuiteRunner.runTest(SuiteRunner.java:402)
at org.testng.SuiteRunner.runSequentially(SuiteRunner.java:396)
at org.testng.SuiteRunner.privateRun(SuiteRunner.java:355)
at org.testng.SuiteRunner.run(SuiteRunner.java:304)
at org.testng.SuiteRunnerWorker.runSuite(SuiteRunnerWorker.java:53)
at org.testng.SuiteRunnerWorker.run(SuiteRunnerWorker.java:96)
at org.testng.TestNG.runSuitesSequentially(TestNG.java:1180)
at org.testng.TestNG.runSuitesLocally(TestNG.java:1102)
at org.testng.TestNG.runSuites(TestNG.java:1032)
at org.testng.TestNG.run(TestNG.java:1000)
at org.testng.remote.AbstractRemoteTestNG.run(AbstractRemoteTestNG.java:115)
at org.testng.remote.RemoteTestNG.initAndRun(RemoteTestNG.java:251)
at org.testng.remote.RemoteTestNG.main(RemoteTestNG.java:77)
]]>
            </full-stacktrace>
          </exception> <!-- java.lang.AssertionError -->
          <reporter-output>
          </reporter-output>
        </test-method> <!-- testProductIsEditedTC77 -->
        <test-method signature="testAllTheDetailsAreFetchedOnOpeningNewAddedProductOnOrderScreenTC78()[pri:8, instance:tests2.TestAddProducts2@69fb6037]" started-at="2019-11-28T15:46:00 IST" name="testAllTheDetailsAreFetchedOnOpeningNewAddedProductOnOrderScreenTC78" finished-at="2019-11-28T15:46:20 IST" duration-ms="19369" status="PASS">
          <reporter-output>
          </reporter-output>
        </test-method> <!-- testAllTheDetailsAreFetchedOnOpeningNewAddedProductOnOrderScreenTC78 -->
        <test-method signature="testAllTheDetailsAreFetchedOnOpeningNewAddedProductOnShipmentsScreenTC79()[pri:9, instance:tests2.TestAddProducts2@69fb6037]" started-at="2019-11-28T15:46:20 IST" name="testAllTheDetailsAreFetchedOnOpeningNewAddedProductOnShipmentsScreenTC79" finished-at="2019-11-28T15:46:32 IST" duration-ms="12132" status="PASS">
          <reporter-output>
          </reporter-output>
        </test-method> <!-- testAllTheDetailsAreFetchedOnOpeningNewAddedProductOnShipmentsScreenTC79 -->
        <test-method is-config="true" signature="tearDown()[pri:0, instance:tests2.TestAddProducts2@69fb6037]" started-at="2019-11-28T15:46:32 IST" name="tearDown" finished-at="2019-11-28T15:46:32 IST" duration-ms="701" status="PASS">
          <reporter-output>
          </reporter-output>
        </test-method> <!-- tearDown -->
      </class> <!-- tests2.TestAddProducts2 -->
    </test> <!-- Test -->
  </suite> <!-- Suite -->
</testng-results>
